build/app/intermediates/manifest_merge_blame_file/debug/processDebugMainManifest/manifest-merger-blame-debug-report.txt
1<?xml version="1.0" encoding="utf-8"?>
2<manifest xmlns:android="http://schemas.android.com/apk/res/android"
3    package="com.example.gg"
4    android:versionCode="1"
5    android:versionName="1.0.0" >
6
7    <uses-sdk
8        android:minSdkVersion="24"
9        android:targetSdkVersion="36" />
10    <!--
11         The INTERNET permission is required for development. Specifically,
12         the Flutter tool needs it to communicate with the running application
13         to allow setting breakpoints, to provide hot reload, etc.
14    -->
15    <uses-permission android:name="android.permission.INTERNET" />
15-->src/debug/AndroidManifest.xml:6:5-66
15-->src/debug/AndroidManifest.xml:6:22-64
16    <!-- Storage permissions for backup/restore -->
17    <uses-permission
17-->src/main/AndroidManifest.xml:4:5-106
18        android:name="android.permission.READ_EXTERNAL_STORAGE"
18-->src/main/AndroidManifest.xml:4:22-77
19        android:maxSdkVersion="32" />
19-->src/main/AndroidManifest.xml:4:78-104
20    <uses-permission
20-->src/main/AndroidManifest.xml:5:5-107
21        android:name="android.permission.WRITE_EXTERNAL_STORAGE"
21-->src/main/AndroidManifest.xml:5:22-78
22        android:maxSdkVersion="29" /> <!-- For Android 13+ (API 33+) -->
22-->src/main/AndroidManifest.xml:5:79-105
23    <uses-permission android:name="android.permission.READ_MEDIA_IMAGES" />
23-->src/main/AndroidManifest.xml:7:5-75
23-->src/main/AndroidManifest.xml:7:22-73
24    <uses-permission android:name="android.permission.READ_MEDIA_VIDEO" />
24-->src/main/AndroidManifest.xml:8:5-74
24-->src/main/AndroidManifest.xml:8:22-72
25    <uses-permission android:name="android.permission.READ_MEDIA_AUDIO" /> <!-- For managing all files on Android 11+ -->
25-->src/main/AndroidManifest.xml:9:5-74
25-->src/main/AndroidManifest.xml:9:22-72
26    <uses-permission android:name="android.permission.MANAGE_EXTERNAL_STORAGE" /> <!-- SMS permissions for bulk SMS -->
26-->src/main/AndroidManifest.xml:11:5-81
26-->src/main/AndroidManifest.xml:11:22-79
27    <uses-permission android:name="android.permission.SEND_SMS" />
27-->src/main/AndroidManifest.xml:14:5-66
27-->src/main/AndroidManifest.xml:14:22-64
28    <uses-permission android:name="android.permission.READ_PHONE_STATE" />
28-->src/main/AndroidManifest.xml:15:5-74
28-->src/main/AndroidManifest.xml:15:22-72
29    <!--
30 Required to query activities that can process text, see:
31         https://developer.android.com/training/package-visibility and
32         https://developer.android.com/reference/android/content/Intent#ACTION_PROCESS_TEXT.
33
34         In particular, this is used by the Flutter engine in io.flutter.plugin.text.ProcessTextPlugin.
35    -->
36    <queries>
36-->src/main/AndroidManifest.xml:55:5-60:15
37        <intent>
37-->src/main/AndroidManifest.xml:56:9-59:18
38            <action android:name="android.intent.action.PROCESS_TEXT" />
38-->src/main/AndroidManifest.xml:57:13-72
38-->src/main/AndroidManifest.xml:57:21-70
39
40            <data android:mimeType="text/plain" />
40-->src/main/AndroidManifest.xml:58:13-50
40-->src/main/AndroidManifest.xml:58:19-48
41        </intent>
42        <intent>
42-->[:file_picker] AndroidManifest.xml:8:9-12:18
43            <action android:name="android.intent.action.GET_CONTENT" />
43-->[:file_picker] AndroidManifest.xml:9:13-72
43-->[:file_picker] AndroidManifest.xml:9:21-69
44
45            <data android:mimeType="*/*" />
45-->src/main/AndroidManifest.xml:58:13-50
45-->src/main/AndroidManifest.xml:58:19-48
46        </intent>
47    </queries>
48
49    <permission
49-->[androidx.core:core:1.17.0] AndroidManifest.xml:22:5-24:47
50        android:name="com.example.gg.DYNAMIC_RECEIVER_NOT_EXPORTED_PERMISSION"
50-->[androidx.core:core:1.17.0] AndroidManifest.xml:23:9-81
51        android:protectionLevel="signature" />
51-->[androidx.core:core:1.17.0] AndroidManifest.xml:24:9-44
52
53    <uses-permission android:name="com.example.gg.DYNAMIC_RECEIVER_NOT_EXPORTED_PERMISSION" />
53-->[androidx.core:core:1.17.0] AndroidManifest.xml:26:5-97
53-->[androidx.core:core:1.17.0] AndroidManifest.xml:26:22-94
54
55    <application
56        android:name="android.app.Application"
57        android:appComponentFactory="androidx.core.app.CoreComponentFactory"
57-->[androidx.core:core:1.17.0] AndroidManifest.xml:28:18-86
58        android:debuggable="true"
59        android:extractNativeLibs="false"
60        android:icon="@mipmap/ic_launcher"
61        android:label="Shyam"
62        android:requestLegacyExternalStorage="true" >
63        <activity
64            android:name="com.example.gg.MainActivity"
65            android:configChanges="orientation|keyboardHidden|keyboard|screenSize|smallestScreenSize|locale|layoutDirection|fontScale|screenLayout|density|uiMode"
66            android:exported="true"
67            android:hardwareAccelerated="true"
68            android:launchMode="singleTop"
69            android:taskAffinity=""
70            android:theme="@style/LaunchTheme"
71            android:windowSoftInputMode="adjustResize" >
72
73            <!--
74                 Specifies an Android theme to apply to this Activity as soon as
75                 the Android process has started. This theme is visible to the user
76                 while the Flutter UI initializes. After that, this theme continues
77                 to determine the Window background behind the Flutter UI.
78            -->
79            <meta-data
80                android:name="io.flutter.embedding.android.NormalTheme"
81                android:resource="@style/NormalTheme" />
82
83            <intent-filter>
84                <action android:name="android.intent.action.MAIN" />
85
86                <category android:name="android.intent.category.LAUNCHER" />
87            </intent-filter>
88        </activity>
89        <!--
90             Don't delete the meta-data below.
91             This is used by the Flutter tool to generate GeneratedPluginRegistrant.java
92        -->
93        <meta-data
94            android:name="flutterEmbedding"
95            android:value="2" />
96        <!--
97           Declares a provider which allows us to store files to share in
98           '.../caches/share_plus' and grant the receiving action access
99        -->
100        <provider
100-->[:share_plus] AndroidManifest.xml:13:9-21:20
101            android:name="dev.fluttercommunity.plus.share.ShareFileProvider"
101-->[:share_plus] AndroidManifest.xml:14:13-77
102            android:authorities="com.example.gg.flutter.share_provider"
102-->[:share_plus] AndroidManifest.xml:15:13-74
103            android:exported="false"
103-->[:share_plus] AndroidManifest.xml:16:13-37
104            android:grantUriPermissions="true" >
104-->[:share_plus] AndroidManifest.xml:17:13-47
105            <meta-data
105-->[:share_plus] AndroidManifest.xml:18:13-20:68
106                android:name="android.support.FILE_PROVIDER_PATHS"
106-->[:share_plus] AndroidManifest.xml:19:17-67
107                android:resource="@xml/flutter_share_file_paths" />
107-->[:share_plus] AndroidManifest.xml:20:17-65
108        </provider>
109        <!--
110           This manifest declared broadcast receiver allows us to use an explicit
111           Intent when creating a PendingItent to be informed of the user's choice
112        -->
113        <receiver
113-->[:share_plus] AndroidManifest.xml:26:9-32:20
114            android:name="dev.fluttercommunity.plus.share.SharePlusPendingIntent"
114-->[:share_plus] AndroidManifest.xml:27:13-82
115            android:exported="false" >
115-->[:share_plus] AndroidManifest.xml:28:13-37
116            <intent-filter>
116-->[:share_plus] AndroidManifest.xml:29:13-31:29
117                <action android:name="EXTRA_CHOSEN_COMPONENT" />
117-->[:share_plus] AndroidManifest.xml:30:17-65
117-->[:share_plus] AndroidManifest.xml:30:25-62
118            </intent-filter>
119        </receiver>
120
121        <provider
121-->[:open_file_android] AndroidManifest.xml:9:9-19:20
122            android:name="com.crazecoder.openfile.FileProvider"
122-->[:open_file_android] AndroidManifest.xml:10:13-64
123            android:authorities="com.example.gg.fileProvider.com.crazecoder.openfile"
123-->[:open_file_android] AndroidManifest.xml:11:13-88
124            android:exported="false"
124-->[:open_file_android] AndroidManifest.xml:12:13-37
125            android:grantUriPermissions="true"
125-->[:open_file_android] AndroidManifest.xml:13:13-47
126            android:requestLegacyExternalStorage="true" >
126-->[:open_file_android] AndroidManifest.xml:14:13-56
127            <meta-data
127-->[:share_plus] AndroidManifest.xml:18:13-20:68
128                android:name="android.support.FILE_PROVIDER_PATHS"
128-->[:share_plus] AndroidManifest.xml:19:17-67
129                android:resource="@xml/filepaths" />
129-->[:share_plus] AndroidManifest.xml:20:17-65
130        </provider>
131
132        <activity
132-->[:url_launcher_android] AndroidManifest.xml:8:9-11:74
133            android:name="io.flutter.plugins.urllauncher.WebViewActivity"
133-->[:url_launcher_android] AndroidManifest.xml:9:13-74
134            android:exported="false"
134-->[:url_launcher_android] AndroidManifest.xml:10:13-37
135            android:theme="@android:style/Theme.NoTitleBar.Fullscreen" />
135-->[:url_launcher_android] AndroidManifest.xml:11:13-71
136
137        <provider
137-->[:printing] AndroidManifest.xml:8:9-16:20
138            android:name="net.nfet.flutter.printing.PrintFileProvider"
138-->[:printing] AndroidManifest.xml:9:13-71
139            android:authorities="com.example.gg.flutter.printing"
139-->[:printing] AndroidManifest.xml:10:13-68
140            android:exported="false"
140-->[:printing] AndroidManifest.xml:11:13-37
141            android:grantUriPermissions="true" >
141-->[:printing] AndroidManifest.xml:12:13-47
142            <meta-data
142-->[:share_plus] AndroidManifest.xml:18:13-20:68
143                android:name="android.support.FILE_PROVIDER_PATHS"
143-->[:share_plus] AndroidManifest.xml:19:17-67
144                android:resource="@xml/flutter_printing_file_paths" />
144-->[:share_plus] AndroidManifest.xml:20:17-65
145        </provider>
146
147        <uses-library
147-->[androidx.window:window:1.2.0] AndroidManifest.xml:23:9-25:40
148            android:name="androidx.window.extensions"
148-->[androidx.window:window:1.2.0] AndroidManifest.xml:24:13-54
149            android:required="false" />
149-->[androidx.window:window:1.2.0] AndroidManifest.xml:25:13-37
150        <uses-library
150-->[androidx.window:window:1.2.0] AndroidManifest.xml:26:9-28:40
151            android:name="androidx.window.sidecar"
151-->[androidx.window:window:1.2.0] AndroidManifest.xml:27:13-51
152            android:required="false" />
152-->[androidx.window:window:1.2.0] AndroidManifest.xml:28:13-37
153
154        <activity
154-->[com.google.android.gms:play-services-auth:21.0.0] AndroidManifest.xml:23:9-27:75
155            android:name="com.google.android.gms.auth.api.signin.internal.SignInHubActivity"
155-->[com.google.android.gms:play-services-auth:21.0.0] AndroidManifest.xml:24:13-93
156            android:excludeFromRecents="true"
156-->[com.google.android.gms:play-services-auth:21.0.0] AndroidManifest.xml:25:13-46
157            android:exported="false"
157-->[com.google.android.gms:play-services-auth:21.0.0] AndroidManifest.xml:26:13-37
158            android:theme="@android:style/Theme.Translucent.NoTitleBar" />
158-->[com.google.android.gms:play-services-auth:21.0.0] AndroidManifest.xml:27:13-72
159        <!--
160            Service handling Google Sign-In user revocation. For apps that do not integrate with
161            Google Sign-In, this service will never be started.
162        -->
163        <service
163-->[com.google.android.gms:play-services-auth:21.0.0] AndroidManifest.xml:33:9-37:51
164            android:name="com.google.android.gms.auth.api.signin.RevocationBoundService"
164-->[com.google.android.gms:play-services-auth:21.0.0] AndroidManifest.xml:34:13-89
165            android:exported="true"
165-->[com.google.android.gms:play-services-auth:21.0.0] AndroidManifest.xml:35:13-36
166            android:permission="com.google.android.gms.auth.api.signin.permission.REVOCATION_NOTIFICATION"
166-->[com.google.android.gms:play-services-auth:21.0.0] AndroidManifest.xml:36:13-107
167            android:visibleToInstantApps="true" />
167-->[com.google.android.gms:play-services-auth:21.0.0] AndroidManifest.xml:37:13-48
168
169        <activity
169-->[com.google.android.gms:play-services-base:18.0.1] AndroidManifest.xml:20:9-22:45
170            android:name="com.google.android.gms.common.api.GoogleApiActivity"
170-->[com.google.android.gms:play-services-base:18.0.1] AndroidManifest.xml:20:19-85
171            android:exported="false"
171-->[com.google.android.gms:play-services-base:18.0.1] AndroidManifest.xml:22:19-43
172            android:theme="@android:style/Theme.Translucent.NoTitleBar" />
172-->[com.google.android.gms:play-services-base:18.0.1] AndroidManifest.xml:21:19-78
173
174        <meta-data
174-->[com.google.android.gms:play-services-basement:18.2.0] AndroidManifest.xml:21:9-23:69
175            android:name="com.google.android.gms.version"
175-->[com.google.android.gms:play-services-basement:18.2.0] AndroidManifest.xml:22:13-58
176            android:value="@integer/google_play_services_version" />
176-->[com.google.android.gms:play-services-basement:18.2.0] AndroidManifest.xml:23:13-66
177
178        <provider
178-->[androidx.emoji2:emoji2:1.2.0] AndroidManifest.xml:24:9-32:20
179            android:name="androidx.startup.InitializationProvider"
179-->[androidx.emoji2:emoji2:1.2.0] AndroidManifest.xml:25:13-67
180            android:authorities="com.example.gg.androidx-startup"
180-->[androidx.emoji2:emoji2:1.2.0] AndroidManifest.xml:26:13-68
181            android:exported="false" >
181-->[androidx.emoji2:emoji2:1.2.0] AndroidManifest.xml:27:13-37
182            <meta-data
182-->[androidx.emoji2:emoji2:1.2.0] AndroidManifest.xml:29:13-31:52
183                android:name="androidx.emoji2.text.EmojiCompatInitializer"
183-->[androidx.emoji2:emoji2:1.2.0] AndroidManifest.xml:30:17-75
184                android:value="androidx.startup" />
184-->[androidx.emoji2:emoji2:1.2.0] AndroidManifest.xml:31:17-49
185            <meta-data
185-->[androidx.lifecycle:lifecycle-process:2.8.7] AndroidManifest.xml:29:13-31:52
186                android:name="androidx.lifecycle.ProcessLifecycleInitializer"
186-->[androidx.lifecycle:lifecycle-process:2.8.7] AndroidManifest.xml:30:17-78
187                android:value="androidx.startup" />
187-->[androidx.lifecycle:lifecycle-process:2.8.7] AndroidManifest.xml:31:17-49
188            <meta-data
188-->[androidx.profileinstaller:profileinstaller:1.3.1] AndroidManifest.xml:29:13-31:52
189                android:name="androidx.profileinstaller.ProfileInstallerInitializer"
189-->[androidx.profileinstaller:profileinstaller:1.3.1] AndroidManifest.xml:30:17-85
190                android:value="androidx.startup" />
190-->[androidx.profileinstaller:profileinstaller:1.3.1] AndroidManifest.xml:31:17-49
191        </provider>
192
193        <receiver
193-->[androidx.profileinstaller:profileinstaller:1.3.1] AndroidManifest.xml:34:9-52:20
194            android:name="androidx.profileinstaller.ProfileInstallReceiver"
194-->[androidx.profileinstaller:profileinstaller:1.3.1] AndroidManifest.xml:35:13-76
195            android:directBootAware="false"
195-->[androidx.profileinstaller:profileinstaller:1.3.1] AndroidManifest.xml:36:13-44
196            android:enabled="true"
196-->[androidx.profileinstaller:profileinstaller:1.3.1] AndroidManifest.xml:37:13-35
197            android:exported="true"
197-->[androidx.profileinstaller:profileinstaller:1.3.1] AndroidManifest.xml:38:13-36
198            android:permission="android.permission.DUMP" >
198-->[androidx.profileinstaller:profileinstaller:1.3.1] AndroidManifest.xml:39:13-57
199            <intent-filter>
199-->[androidx.profileinstaller:profileinstaller:1.3.1] AndroidManifest.xml:40:13-42:29
200                <action android:name="androidx.profileinstaller.action.INSTALL_PROFILE" />
200-->[androidx.profileinstaller:profileinstaller:1.3.1] AndroidManifest.xml:41:17-91
200-->[androidx.profileinstaller:profileinstaller:1.3.1] AndroidManifest.xml:41:25-88
201            </intent-filter>
202            <intent-filter>
202-->[androidx.profileinstaller:profileinstaller:1.3.1] AndroidManifest.xml:43:13-45:29
203                <action android:name="androidx.profileinstaller.action.SKIP_FILE" />
203-->[androidx.profileinstaller:profileinstaller:1.3.1] AndroidManifest.xml:44:17-85
203-->[androidx.profileinstaller:profileinstaller:1.3.1] AndroidManifest.xml:44:25-82
204            </intent-filter>
205            <intent-filter>
205-->[androidx.profileinstaller:profileinstaller:1.3.1] AndroidManifest.xml:46:13-48:29
206                <action android:name="androidx.profileinstaller.action.SAVE_PROFILE" />
206-->[androidx.profileinstaller:profileinstaller:1.3.1] AndroidManifest.xml:47:17-88
206-->[androidx.profileinstaller:profileinstaller:1.3.1] AndroidManifest.xml:47:25-85
207            </intent-filter>
208            <intent-filter>
208-->[androidx.profileinstaller:profileinstaller:1.3.1] AndroidManifest.xml:49:13-51:29
209                <action android:name="androidx.profileinstaller.action.BENCHMARK_OPERATION" />
209-->[androidx.profileinstaller:profileinstaller:1.3.1] AndroidManifest.xml:50:17-95
209-->[androidx.profileinstaller:profileinstaller:1.3.1] AndroidManifest.xml:50:25-92
210            </intent-filter>
211        </receiver>
212    </application>
213
214</manifest>